<?xml version="1.0" encoding="UTF-8"?>
<!-- Generated by org.testng.reporters.JUnitXMLReporter -->
<testsuite ignored="0" hostname="EC2AMAZ-8KL45D2" failures="0" tests="7" name="Default test" time="6.475" errors="0" timestamp="2024-10-07T06:49:27 UTC">
  <testcase classname="com.spree.test.countries" name="T01_getDefaultCountries" time="2.56"/>
  <testcase classname="com.spree.test.countries" name="T02_retrieveaCountry" time="0.237"/>
  <testcase classname="com.spree.test.countries" name="T02_retrieveaCountry" time="0.212"/>
  <testcase classname="com.spree.test.countries" name="T02_retrieveaCountry" time="0.231"/>
  <testcase classname="com.spree.test.countries" name="T02_retrieveaCountry" time="0.185"/>
  <testcase classname="com.spree.test.countries" name="T02_retrieveaCountry" time="0.248"/>
  <testcase classname="com.spree.test.countries" name="T03_listallCountries" time="1.688"/>
</testsuite> <!-- Default test -->
